2024-05-02T17:02:13.394Z - Event: VerifyComplete, Payload: {"Company":"iMRC","CompanyStorageEmission":15.06,"CompanyOnSiteEmission":5.02502,"CompanyErrorRate":null,"CompanyActualEmission":null,"StartDate":"2024-02-01","EndDate":"2024-02-01","NFT":24}
2024-05-02T17:14:43.170Z - Event: VerifyComplete, Payload: {"Company":"iMRC","CompanyStorageEmission":0,"CompanyOnSiteEmission":null,"CompanyErrorRate":null,"CompanyActualEmission":null,"StartDate":"2024-02-02","EndDate":"2024-02-02","NFT":25}
2024-05-02T17:14:53.371Z - Event: VerifyComplete, Payload: {"Company":"iMRC","CompanyStorageEmission":0,"CompanyOnSiteEmission":null,"CompanyErrorRate":null,"CompanyActualEmission":null,"StartDate":"2024-02-03","EndDate":"2024-02-03","NFT":26}
2024-07-01T09:16:29.804Z - Event: VerifyComplete, Payload: {"Company":"NCKU","CompanyStorageEmission":66.264,"CompanyOnSiteEmission":69.976792,"CompanyErrorRate":0.161,"CompanyActualEmission":76.933,"StartDate":"2024-01-01","EndDate":"2024-01-31","NFT":1}
2024-07-01T16:19:05.695Z - Event: VerifyComplete, Payload: {"Company":"NCKU","CompanyStorageEmission":97.388,"CompanyOnSiteEmission":111.055452,"CompanyErrorRate":0.254,"CompanyActualEmission":122.125,"StartDate":"2024-03-01","EndDate":"2024-03-31","NFT":1}
2024-07-01T16:47:44.549Z - Event: VerifyComplete, Payload: {"Company":"NCKU","CompanyStorageEmission":97.388,"CompanyOnSiteEmission":97.90807199999999,"CompanyErrorRate":0.106,"CompanyActualEmission":107.711,"StartDate":"2024-03-01","EndDate":"2024-03-31","NFT":2}
2024-08-01T07:07:41.332Z - Event: VerifyComplete, Payload: {"Company":"NCKU","CompanyStorageEmission":163.652,"CompanyOnSiteEmission":100.487348,"CompanyErrorRate": 0.325,"CompanyActualEmission":110.465,"StartDate":"2021-01-01","EndDate":"2024-08-28","NFT":3}
2024-08-01T09:03:42.767Z - Event: VerifyComplete, Payload: {"Company":"NCKU","CompanyStorageEmission":314.852,"CompanyOnSiteEmission":51.15332799999999,"CompanyErrorRate": 0.822,"CompanyActualEmission":56.044,"StartDate":"2021-02-01","EndDate":"2024-08-02","NFT":4}
2024-08-01T13:05:48.845Z - Event: VerifyComplete, Payload: {"Company":"NCKU","CompanyStorageEmission":201.4,"CompanyOnSiteEmission":100.0958,"CompanyErrorRate":0.454,"CompanyActualEmission":109.964,"StartDate":"2024-08-01","EndDate":"2024-08-01","NFT":5}
2024-08-01T13:45:31.401Z - Event: VerifyComplete, Payload: {"Company":"NCKU","CompanyStorageEmission":201.4,"CompanyOnSiteEmission":100.0958,"CompanyErrorRate":0.454,"CompanyActualEmission":109.964,"StartDate":"2024-08-01","EndDate":"2024-08-01","NFT":6}
2024-08-01T14:18:34.176Z - Event: VerifyComplete, Payload: {"Company":"NCKU","CompanyStorageEmission":301.8,"CompanyOnSiteEmission":99.8958,"CompanyErrorRate":0.636,"CompanyActualEmission":109.855,"StartDate":"2024-08-01","EndDate":"2024-08-01","NFT":7}
2024-08-08T02:21:51.691Z - Event: VerifyComplete, Payload: {"Company":"NCKU","CompanyStorageEmission":50.2,"CompanyOnSiteEmission":69.9788,"CompanyErrorRate":0.532,"CompanyActualEmission":76.906,"StartDate":"2024-08-07","EndDate":"2024-08-09","NFT":8}
2024-08-08T02:25:39.743Z - Event: VerifyComplete, Payload: {"Company":"NCKU","CompanyStorageEmission":50.2,"CompanyOnSiteEmission":null,"CompanyErrorRate":null,"CompanyActualEmission":null,"StartDate":"2024-08-08","EndDate":"2024-08-08","NFT":9}
2024-08-08T02:42:27.654Z - Event: VerifyComplete, Payload: {"Company":"NCKU","CompanyStorageEmission":50.2,"CompanyOnSiteEmission":199.9968,"CompanyErrorRate":3.378,"CompanyActualEmission":219.776,"StartDate":"2024-08-07","EndDate":"2024-08-07","NFT":10}
2024-08-08T02:51:01.797Z - Event: VerifyComplete, Payload: {"Company":"NCKU","CompanyStorageEmission":50.2,"CompanyOnSiteEmission":199.9968,"CompanyErrorRate":3.378,"CompanyActualEmission":219.776,"StartDate":"2024-07-08","EndDate":"2024-07-08","NFT":11}
2024-09-24T03:07:19.499Z - Event: VerifyComplete, Payload: {"Company":"iMRC","CompanyStorageEmission":0,"CompanyOnSiteEmission":0,"CompanyErrorRate":0,"CompanyActualEmission":0,"StartDate":"2024-01-01","EndDate":"2024-09-24","NFT":12}
2024-09-24T03:08:04.854Z - Event: VerifyComplete, Payload: {"Company":"iMRC","CompanyStorageEmission":0,"CompanyOnSiteEmission":0,"CompanyErrorRate":0,"CompanyActualEmission":0,"StartDate":"2021-01-24","EndDate":"2024-09-24","NFT":13}
2024-09-26T06:02:12.056Z - Event: VerifyComplete, Payload: {"Company":"iMRC","CompanyStorageEmission":0,"CompanyOnSiteEmission":0,"CompanyErrorRate":0,"CompanyActualEmission":0,"StartDate":"2021-01-26","EndDate":"2024-09-26","NFT":14}
2024-09-26T06:38:08.817Z - Event: VerifyComplete, Payload: {"Company":"NCKU","CompanyStorageEmission":352,"CompanyOnSiteEmission":50.872000000000014,"CompanyErrorRate":0.841,"CompanyActualEmission":55.968,"StartDate":"2024-08-01","EndDate":"2024-08-03","NFT":15}
2024-09-26T07:14:26.767Z - Event: VerifyComplete, Payload: {"Company":"NCKU","CompanyStorageEmission":352,"CompanyOnSiteEmission":60.024000000000015,"CompanyErrorRate":-0.812,"CompanyActualEmission":66.176,"StartDate":"2024-08-01","EndDate":"2024-08-01","NFT":16}
2024-09-26T07:16:50.106Z - Event: VerifyComplete, Payload: {"Company":"NCKU","CompanyStorageEmission":352,"CompanyOnSiteEmission":400.056,"CompanyErrorRate":0.25,"CompanyActualEmission":440,"StartDate":"2024-08-01","EndDate":"2024-08-01","NFT":17}
2024-09-26T07:31:27.339Z - Event: VerifyComplete, Payload: {"Company":"NCKU","CompanyStorageEmission":50.2,"CompanyOnSiteEmission":99.9984,"CompanyErrorRate":1.189,"CompanyActualEmission":109.888,"StartDate":"2024-09-08","EndDate":"2024-09-08","NFT":17}
2024-09-26T07:32:56.810Z - Event: VerifyComplete, Payload: {"Company":"NCKU","CompanyStorageEmission":50.2,"CompanyOnSiteEmission":99.9984,"CompanyErrorRate":1.189,"CompanyActualEmission":109.888,"StartDate":"2024-09-08","EndDate":"2024-09-08","NFT":18}
2024-09-26T07:49:27.389Z - Event: VerifyComplete, Payload: {"Company":"NCKU","CompanyStorageEmission":50.2,"CompanyOnSiteEmission":99.9984,"CompanyErrorRate":1.189,"CompanyActualEmission":109.888,"StartDate":"2024-09-02","EndDate":"2024-09-02","NFT":18}
2024-10-15T07:32:03.773Z - Event: VerifyComplete, Payload: {"Company":"NCKU","CompanyStorageEmission":50.2,"CompanyOnSiteEmission":59.989000000000004,"CompanyErrorRate":0.313,"CompanyActualEmission":65.913,"StartDate":"2024-10-01","EndDate":"2024-10-15","NFT":20}
2024-10-15T07:42:43.281Z - Event: VerifyComplete, Payload: {"Company":"NCKU","CompanyStorageEmission":0,"CompanyOnSiteEmission":null,"CompanyErrorRate":null,"CompanyActualEmission":null,"StartDate":"2024-10-05","EndDate":"2024-10-07","NFT":21}
2024-10-15T07:46:29.920Z - Event: VerifyComplete, Payload: {"Company":"NCKU","CompanyStorageEmission":50.2,"CompanyOnSiteEmission":59.989000000000004,"CompanyErrorRate":0.313,"CompanyActualEmission":65.913,"StartDate":"2024-10-08","EndDate":"2024-10-10","NFT":22}
2024-10-16T07:49:34.431Z - Event: VerifyComplete, Payload: {"Company":"NCKU","CompanyStorageEmission":50.2,"CompanyOnSiteEmission":69.9788,"CompanyErrorRate":0.532,"CompanyActualEmission":76.906,"StartDate":"2024-03-13","EndDate":"2024-03-15","NFT":22}
2024-10-16T09:21:14.244Z - Event: VerifyComplete, Payload: {"Company":"NCKU","CompanyStorageEmission":50.2,"CompanyOnSiteEmission":90.0086,"CompanyErrorRate":0.971,"CompanyActualEmission":98.944,"StartDate":"2024-02-01","EndDate":"2024-02-05","NFT":25}
2024-10-16T11:08:12.078Z - Event: VerifyComplete, Payload: {"Company":"NCKU","CompanyStorageEmission":116.464,"CompanyOnSiteEmission":null,"CompanyErrorRate":null,"CompanyActualEmission":null,"StartDate":"2024-01-01","EndDate":"2024-01-03","NFT":26}
2024-10-16T11:30:52.690Z - Event: VerifyComplete, Payload: {"Company":"NCKU","CompanyStorageEmission":0,"CompanyOnSiteEmission":null,"CompanyErrorRate":null,"CompanyActualEmission":null,"StartDate":"2024-01-10","EndDate":"2024-01-15","NFT":27}
2025-02-25T05:11:30.101Z - Event: VerifyComplete, Payload: {"Company":"NCKU","CompanyStorageEmission":50.2,"CompanyOnSiteEmission":99.9984,"CompanyErrorRate":1.189,"CompanyActualEmission":109.888,"StartDate":"2024-10-16","EndDate":"2024-10-18","NFT":32}
2025-02-25T07:43:15.790Z - Event: VerifyComplete, Payload: {"Company":"NCKU","CompanyStorageEmission":50.2,"CompanyOnSiteEmission":69.9788,"CompanyErrorRate":0.532,"CompanyActualEmission":76.906,"StartDate":"2024-11-03","EndDate":"2024-11-05","NFT":32}
2025-02-25T08:55:00.382Z - Event: VerifyComplete, Payload: {"Company":"NCKU","CompanyStorageEmission":50.2,"CompanyOnSiteEmission":74.9988,"CompanyErrorRate":0.642,"CompanyActualEmission":82.428,"StartDate":"2024-11-07","EndDate":"2024-11-09","NFT":32}
2025-02-25T09:06:05.420Z - Event: VerifyComplete, Payload: {"Company":"NCKU","CompanyStorageEmission":150.6,"CompanyOnSiteEmission":399.9434000000001,"CompanyErrorRate":1.919,"CompanyActualEmission":439.601,"StartDate":"2024-11-01","EndDate":"2024-11-30","NFT":32}
2025-02-25T09:08:21.467Z - Event: VerifyComplete, Payload: {"Company":"NCKU","CompanyStorageEmission":150.6,"CompanyOnSiteEmission":169.97720000000004,"CompanyErrorRate":0.241,"CompanyActualEmission":186.895,"StartDate":"2024-11-01","EndDate":"2024-11-30","NFT":33}
2025-03-03T10:34:20.075Z - Event: VerifyComplete, Payload: {"Company":"NCKU","CompanyStorageEmission":50.2,"CompanyOnSiteEmission":59.989000000000004,"CompanyErrorRate":0.313,"CompanyActualEmission":65.913,"StartDate":"2025-04-21","EndDate":"2025-04-23","NFT":34}
